Using pre-set license
Built from '2020.3/staging' branch; Version is '2020.3.25f1 (9b9180224418) revision 10195328'; Using compiler version '192528614'; Build Type 'Release'
OS: 'Windows 10  (10.0.19043) 64bit Professional' Language: 'en' Physical Memory: 16230 MB
BatchMode: 1, IsHumanControllingUs: 0, StartBugReporterOnCrash: 0, Is64bit: 1, IsPro: 0

COMMAND LINE ARGUMENTS:
C:\Program Files\Unity\Hub\Editor\2020.3.25f1\Editor\Unity.exe
-adb2
-batchMode
-noUpm
-name
AssetImportWorker0
-projectPath
C:/Users/Vaqif/Desktop/UnityProjects2022/TutorialProjects/PhotonCommentless/ArrowGameOriginal
-logFile
Logs/AssetImportWorker0.log
-srvPort
51923
Successfully changed project path to: C:/Users/Vaqif/Desktop/UnityProjects2022/TutorialProjects/PhotonCommentless/ArrowGameOriginal
C:/Users/Vaqif/Desktop/UnityProjects2022/TutorialProjects/PhotonCommentless/ArrowGameOriginal
Using Asset Import Pipeline V2.
Refreshing native plugins compatible for Editor in 35.84 ms, found 2 plugins.
Preloading 0 native plugins for Editor in 0.00 ms.
Initialize engine version: 2020.3.25f1 (9b9180224418)
[Subsystems] Discovering subsystems at path C:/Program Files/Unity/Hub/Editor/2020.3.25f1/Editor/Data/Resources/UnitySubsystems
[Subsystems] Discovering subsystems at path C:/Users/Vaqif/Desktop/UnityProjects2022/TutorialProjects/PhotonCommentless/ArrowGameOriginal/Assets
GfxDevice: creating device client; threaded=0
Direct3D:
    Version:  Direct3D 11.0 [level 11.1]
    Renderer: NVIDIA GeForce GTX 1050 Ti (ID=0x1c82)
    Vendor:   
    VRAM:     4018 MB
    Driver:   30.0.14.7212
Initialize mono
Mono path[0] = 'C:/Program Files/Unity/Hub/Editor/2020.3.25f1/Editor/Data/Managed'
Mono path[1] = 'C:/Program Files/Unity/Hub/Editor/2020.3.25f1/Editor/Data/MonoBleedingEdge/lib/mono/unityjit'
Mono config path = 'C:/Program Files/Unity/Hub/Editor/2020.3.25f1/Editor/Data/MonoBleedingEdge/etc'
Using monoOptions --debugger-agent=transport=dt_socket,embedding=1,server=y,suspend=n,address=127.0.0.1:56356
Begin MonoManager ReloadAssembly
Registering precompiled unity dll's ...
Register platform support module: C:/Program Files/Unity/Hub/Editor/2020.3.25f1/Editor/Data/PlaybackEngines/WebGLSupport/UnityEditor.WebGL.Extensions.dll
Register platform support module: C:/Program Files/Unity/Hub/Editor/2020.3.25f1/Editor/Data/PlaybackEngines/WindowsStandaloneSupport/UnityEditor.WindowsStandalone.Extensions.dll
Registered in 0.002161 seconds.
Native extension for WindowsStandalone target not found
Native extension for WebGL target not found
Refreshing native plugins compatible for Editor in 31.26 ms, found 2 plugins.
Preloading 0 native plugins for Editor in 0.00 ms.
Mono: successfully reloaded assembly
- Completed reload, in  0.488 seconds
Domain Reload Profiling:
	ReloadAssembly (488ms)
		BeginReloadAssembly (47ms)
			ExecutionOrderSort (0ms)
			DisableScriptedObjects (0ms)
			BackupInstance (0ms)
			ReleaseScriptingObjects (0ms)
			CreateAndSetChildDomain (1ms)
		EndReloadAssembly (377ms)
			LoadAssemblies (45ms)
			RebuildTransferFunctionScriptingTraits (0ms)
			SetupTypeCache (132ms)
			ReleaseScriptCaches (0ms)
			RebuildScriptCaches (24ms)
			SetupLoadedEditorAssemblies (137ms)
				LogAssemblyErrors (0ms)
				InitializePlatformSupportModulesInManaged (4ms)
				SetLoadedEditorAssemblies (0ms)
				RefreshPlugins (31ms)
				BeforeProcessingInitializeOnLoad (14ms)
				ProcessInitializeOnLoadAttributes (66ms)
				ProcessInitializeOnLoadMethodAttributes (22ms)
				AfterProcessingInitializeOnLoad (0ms)
				EditorAssembliesLoaded (0ms)
			ExecutionOrderSort2 (0ms)
			AwakeInstancesAfterBackupRestoration (0ms)
Platform modules already initialized, skipping
Registering precompiled user dll's ...
Registered in 0.005939 seconds.
Begin MonoManager ReloadAssembly
Symbol file LoadedFromMemory doesn't match image C:\Users\Vaqif\Desktop\UnityProjects2022\TutorialProjects\PhotonCommentless\ArrowGameOriginal\Assets\Photon\PhotonLibs\netstandard2.0\Photon3Unity3D.dll
Native extension for WindowsStandalone target not found
Native extension for WebGL target not found
Refreshing native plugins compatible for Editor in 0.37 ms, found 2 plugins.
Preloading 0 native plugins for Editor in 0.00 ms.
Mono: successfully reloaded assembly
- Completed reload, in  0.888 seconds
Domain Reload Profiling:
	ReloadAssembly (889ms)
		BeginReloadAssembly (123ms)
			ExecutionOrderSort (0ms)
			DisableScriptedObjects (4ms)
			BackupInstance (0ms)
			ReleaseScriptingObjects (0ms)
			CreateAndSetChildDomain (16ms)
		EndReloadAssembly (712ms)
			LoadAssemblies (76ms)
			RebuildTransferFunctionScriptingTraits (0ms)
			SetupTypeCache (256ms)
			ReleaseScriptCaches (0ms)
			RebuildScriptCaches (39ms)
			SetupLoadedEditorAssemblies (260ms)
				LogAssemblyErrors (0ms)
				InitializePlatformSupportModulesInManaged (5ms)
				SetLoadedEditorAssemblies (0ms)
				RefreshPlugins (0ms)
				BeforeProcessingInitializeOnLoad (71ms)
				ProcessInitializeOnLoadAttributes (168ms)
				ProcessInitializeOnLoadMethodAttributes (9ms)
				AfterProcessingInitializeOnLoad (6ms)
				EditorAssembliesLoaded (0ms)
			ExecutionOrderSort2 (0ms)
			AwakeInstancesAfterBackupRestoration (5ms)
Platform modules already initialized, skipping
========================================================================
Worker process is ready to serve import requests
Launched and connected shader compiler UnityShaderCompiler.exe after 0.07 seconds
Refreshing native plugins compatible for Editor in 0.38 ms, found 2 plugins.
Preloading 0 native plugins for Editor in 0.00 ms.
Unloading 1772 Unused Serialized files (Serialized files now loaded: 0)
System memory in use before: 79.5 MB.
System memory in use after: 79.6 MB.

Unloading 25 unused Assets to reduce memory usage. Loaded Objects now: 2200.
Total: 2.448400 ms (FindLiveObjects: 0.127000 ms CreateObjectMapping: 0.051400 ms MarkObjects: 2.212300 ms  DeleteObjects: 0.056800 ms)

AssetImportParameters requested are different than current active one (requested -> active):
  custom:framework-win-MediaFoundation: 216162199b28c13a410421893ffa2e32 -> 
  custom:video-decoder-ogg-theora: a1e56fd34408186e4bbccfd4996cb3dc -> 
  custom:container-muxer-webm: aa71ff27fc2769a1b78a27578f13a17b -> 
  custom:container-demuxer-webm: 4f35f7cbe854078d1ac9338744f61a02 -> 
  custom:container-demuxer-ogg: 62fdf1f143b41e24485cea50d1cbac27 -> 
  custom:video-encoder-webm-vp8: eb34c28f22e8b96e1ab97ce403110664 -> 
  custom:video-decoder-webm-vp8: 9c59270c3fd7afecdb556c50c9e8de78 -> 
  custom:audio-decoder-ogg-vorbis: bf7c407c2cedff20999df2af8eb42d56 -> 
  custom:audio-encoder-webm-vorbis: bf7c407c2cedff20999df2af8eb42d56 -> 
========================================================================
Received Import Request.
  path: Assets/Scripts/NetworkControllers
  artifactKey: Guid(6741332da96ed5142ae308ac8a8da9ce) Importer(815301076,1909f56bfc062723c751e8b465ee728b)
Start importing Assets/Scripts/NetworkControllers using Guid(6741332da96ed5142ae308ac8a8da9ce) Importer(815301076,1909f56bfc062723c751e8b465ee728b)  -> (artifact id: '7a9394a4c0a70ccd12b3e7a4b1f63077') in 0.007786 seconds 
  Import took 0.010071 seconds .

========================================================================
Received Import Request.
  Time since last request: 0.000269 seconds.
  path: Assets/Scripts
  artifactKey: Guid(c4117c9be447e75448d030bedcdc2279) Importer(815301076,1909f56bfc062723c751e8b465ee728b)
Start importing Assets/Scripts using Guid(c4117c9be447e75448d030bedcdc2279) Importer(815301076,1909f56bfc062723c751e8b465ee728b)  -> (artifact id: '4591d3a5a14cb136220657c7b1bf0d58') in 0.005751 seconds 
  Import took 0.008261 seconds .

========================================================================
Received Import Request.
  Time since last request: 3.627144 seconds.
  path: Assets/Scripts/NetworkControllers/PhotonGamePlayManager.cs
  artifactKey: Guid(1c7cad346a0f1cf458577ba9e075e846) Importer(815301076,1909f56bfc062723c751e8b465ee728b)
Start importing Assets/Scripts/NetworkControllers/PhotonGamePlayManager.cs using Guid(1c7cad346a0f1cf458577ba9e075e846) Importer(815301076,1909f56bfc062723c751e8b465ee728b)  -> (artifact id: '3cdb903f51ff5708e23d1fa023ec0fae') in 0.026961 seconds 
  Import took 0.029473 seconds .

========================================================================
Received Import Request.
  Time since last request: 45.082617 seconds.
  path: Assets/Scripts/NetworkControllers/PhotonErrorAndInfoHandler.cs
  artifactKey: Guid(c435a16ba8be1254f8cf0a6713de35cb) Importer(815301076,1909f56bfc062723c751e8b465ee728b)
Start importing Assets/Scripts/NetworkControllers/PhotonErrorAndInfoHandler.cs using Guid(c435a16ba8be1254f8cf0a6713de35cb) Importer(815301076,1909f56bfc062723c751e8b465ee728b)  -> (artifact id: 'f79c95d0b20d5dc5000147edf038ac7c') in 0.007886 seconds 
  Import took 0.010602 seconds .

========================================================================
Received Import Request.
  Time since last request: 840.261005 seconds.
  path: Assets/Scripts/GameSettingsSO.cs
  artifactKey: Guid(6c68e5a815a02a34aa80271d6b349e96) Importer(815301076,1909f56bfc062723c751e8b465ee728b)
Start importing Assets/Scripts/GameSettingsSO.cs using Guid(6c68e5a815a02a34aa80271d6b349e96) Importer(815301076,1909f56bfc062723c751e8b465ee728b)  -> (artifact id: '49bbd45c66f20df7dc2cefa93c594f61') in 0.008654 seconds 
  Import took 0.011494 seconds .

========================================================================
Received Import Request.
  Time since last request: 3.820815 seconds.
  path: Assets/Scripts/MainMenuController.cs
  artifactKey: Guid(e6cd1e4ba311f0840b2e922053b3f2e3) Importer(815301076,1909f56bfc062723c751e8b465ee728b)
Start importing Assets/Scripts/MainMenuController.cs using Guid(e6cd1e4ba311f0840b2e922053b3f2e3) Importer(815301076,1909f56bfc062723c751e8b465ee728b)  -> (artifact id: '63b9344ec923913d41770e6e4411304f') in 0.007530 seconds 
  Import took 0.010248 seconds .

========================================================================
Received Import Request.
  Time since last request: 0.557820 seconds.
  path: Assets/Scripts/PlayerLocomotionController.cs
  artifactKey: Guid(431fbc25e47cf154ea51fbdf2330da11) Importer(815301076,1909f56bfc062723c751e8b465ee728b)
Start importing Assets/Scripts/PlayerLocomotionController.cs using Guid(431fbc25e47cf154ea51fbdf2330da11) Importer(815301076,1909f56bfc062723c751e8b465ee728b)  -> (artifact id: '366efdd05ee32253d3d7cea4315b8acc') in 0.006404 seconds 
  Import took 0.009149 seconds .

========================================================================
Received Import Request.
  Time since last request: 20.054534 seconds.
  path: Assets/Scripts/ShootController.cs
  artifactKey: Guid(ef9d7ac0dcc6d8b4f872c3e682799667) Importer(815301076,1909f56bfc062723c751e8b465ee728b)
Start importing Assets/Scripts/ShootController.cs using Guid(ef9d7ac0dcc6d8b4f872c3e682799667) Importer(815301076,1909f56bfc062723c751e8b465ee728b)  -> (artifact id: 'dc18e2e25818e3bbec85a1b37edbafa8') in 0.006683 seconds 
  Import took 0.009255 seconds .

AssetImportWorkerClient::OnTransportError - code=2 error=End of file
